[debug] [2021-02-15T22:30:49.856Z] ----------------------------------------------------------------------
[debug] [2021-02-15T22:30:49.859Z] Command:       /usr/local/bin/node /usr/local/bin/firebase emulators:start --only functions
[debug] [2021-02-15T22:30:49.859Z] CLI Version:   9.3.0
[debug] [2021-02-15T22:30:49.859Z] Platform:      darwin
[debug] [2021-02-15T22:30:49.859Z] Node Version:  v12.15.0
[debug] [2021-02-15T22:30:49.890Z] Time:          Mon Feb 15 2021 16:30:49 GMT-0600 (Central Standard Time)
[debug] [2021-02-15T22:30:49.891Z] ----------------------------------------------------------------------
[debug] [2021-02-15T22:30:49.891Z] 
[debug] [2021-02-15T22:30:50.007Z] > command requires scopes: ["email","openid","https://www.googleapis.com/auth/cloudplatformprojects.readonly","https://www.googleapis.com/auth/firebase","https://www.googleapis.com/auth/cloud-platform"]
[debug] [2021-02-15T22:30:50.007Z] > authorizing via signed-in user
[info] i  emulators: Starting emulators: functions {"metadata":{"emulator":{"name":"hub"},"message":"Starting emulators: functions"}}
[debug] [2021-02-15T22:30:50.096Z] [hub] writing locator at /var/folders/b5/zb3hvtf93sg62tqg_jnt9ygw0000gn/T/hub-algolia-poc.json
[warn] ⚠  functions: The following emulators are not running, calls to these services from the Functions emulator will affect production: auth, firestore, database, hosting, pubsub {"metadata":{"emulator":{"name":"functions"},"message":"The following emulators are not running, calls to these services from the Functions emulator will affect production: \u001b[1mauth, firestore, database, hosting, pubsub\u001b[22m"}}
[warn] ⚠  Your requested "node" version "10" doesn't match your global version "12" {"metadata":{"emulator":{"name":"functions"},"message":"Your requested \"node\" version \"10\" doesn't match your global version \"12\""}}
[debug] [2021-02-15T22:30:50.258Z] defaultcredentials: writing to file /Users/josevega/.config/firebase/jocvegar_gmail_com_application_default_credentials.json
[debug] [2021-02-15T22:30:50.288Z] Setting GAC to /Users/josevega/.config/firebase/jocvegar_gmail_com_application_default_credentials.json {"metadata":{"emulator":{"name":"functions"},"message":"Setting GAC to /Users/josevega/.config/firebase/jocvegar_gmail_com_application_default_credentials.json"}}
[debug] [2021-02-15T22:30:50.291Z] > refreshing access token with scopes: []
[debug] [2021-02-15T22:30:50.292Z] >>> HTTP REQUEST POST https://www.googleapis.com/oauth2/v3/token  
 <request body omitted>
[debug] [2021-02-15T22:30:50.484Z] <<< HTTP RESPONSE 200 {"expires":"Mon, 01 Jan 1990 00:00:00 GMT","cache-control":"no-cache, no-store, max-age=0, must-revalidate","pragma":"no-cache","date":"Mon, 15 Feb 2021 22:30:50 GMT","content-type":"application/json; charset=utf-8","vary":"X-Origin, Referer, Origin,Accept-Encoding","server":"scaffolding on HTTPServer2","x-xss-protection":"0","x-frame-options":"SAMEORIGIN","x-content-type-options":"nosniff","alt-svc":"h3-29=\":443\"; ma=2592000,h3-T051=\":443\"; ma=2592000,h3-Q050=\":443\"; ma=2592000,h3-Q046=\":443\"; ma=2592000,h3-Q043=\":443\"; ma=2592000,quic=\":443\"; ma=2592000; v=\"46,43\"","accept-ranges":"none","transfer-encoding":"chunked"}
[debug] [2021-02-15T22:30:50.679Z] >>> [apiv2][query] GET https://firebase.googleapis.com/v1beta1/projects/algolia-poc/adminSdkConfig [none]
[debug] [2021-02-15T22:30:51.516Z] <<< [apiv2][status] GET https://firebase.googleapis.com/v1beta1/projects/algolia-poc/adminSdkConfig 200
[debug] [2021-02-15T22:30:51.516Z] <<< [apiv2][body] GET https://firebase.googleapis.com/v1beta1/projects/algolia-poc/adminSdkConfig {"projectId":"algolia-poc","databaseURL":"https://algolia-poc.firebaseio.com","storageBucket":"algolia-poc.appspot.com","locationId":"us-central"}
[debug] [2021-02-15T22:30:51.634Z] Ignoring unsupported arg: auto_download {"metadata":{"emulator":{"name":"ui"},"message":"Ignoring unsupported arg: auto_download"}}
[debug] [2021-02-15T22:30:51.634Z] Ignoring unsupported arg: port {"metadata":{"emulator":{"name":"ui"},"message":"Ignoring unsupported arg: port"}}
[debug] [2021-02-15T22:30:51.635Z] Starting Emulator UI with command {"binary":"node","args":["/Users/josevega/.cache/firebase/emulators/ui-v1.4.1/server.bundle.js"],"optionalArgs":[],"joinArgs":false} {"metadata":{"emulator":{"name":"ui"},"message":"Starting Emulator UI with command {\"binary\":\"node\",\"args\":[\"/Users/josevega/.cache/firebase/emulators/ui-v1.4.1/server.bundle.js\"],\"optionalArgs\":[],\"joinArgs\":false}"}}
[info] i  ui: Emulator UI logging to ui-debug.log {"metadata":{"emulator":{"name":"ui"},"message":"Emulator UI logging to \u001b[1mui-debug.log\u001b[22m"}}
[debug] [2021-02-15T22:30:52.899Z] Web / API server started at http://localhost:4000
 {"metadata":{"emulator":{"name":"ui"},"message":"Web / API server started at http://localhost:4000\n"}}
[info] i  functions: Watching "/Users/josevega/Codes/vue-algolia/algolia-poc/functions" for Cloud Functions... {"metadata":{"emulator":{"name":"functions"},"message":"Watching \"/Users/josevega/Codes/vue-algolia/algolia-poc/functions\" for Cloud Functions..."}}
[debug] [2021-02-15T22:30:52.955Z] [worker-pool] addWorker(~diagnostic~) {"metadata":{"emulator":{"name":"functions"},"message":"[worker-pool] addWorker(~diagnostic~)"}}
[debug] [2021-02-15T22:30:52.956Z] [worker-pool] Adding worker with key ~diagnostic~, total=1 {"metadata":{"emulator":{"name":"functions"},"message":"[worker-pool] Adding worker with key ~diagnostic~, total=1"}}
[debug] [2021-02-15T22:30:52.956Z] [worker-pool] submitWork(triggerId=) {"metadata":{"emulator":{"name":"functions"},"message":"[worker-pool] submitWork(triggerId=)"}}
[debug] [2021-02-15T22:30:52.957Z] [worker-~diagnostic~-cb8f3808-dbca-4bf7-8349-6161df1935ba]: Assigning socketPath: /var/folders/b5/zb3hvtf93sg62tqg_jnt9ygw0000gn/T/fire_emu_19278.sock {"metadata":{"emulator":{"name":"functions"},"message":"[worker-~diagnostic~-cb8f3808-dbca-4bf7-8349-6161df1935ba]: Assigning socketPath: /var/folders/b5/zb3hvtf93sg62tqg_jnt9ygw0000gn/T/fire_emu_19278.sock"}}
[debug] [2021-02-15T22:30:52.957Z] [worker-~diagnostic~-cb8f3808-dbca-4bf7-8349-6161df1935ba]: BUSY {"metadata":{"emulator":{"name":"functions"},"message":"[worker-~diagnostic~-cb8f3808-dbca-4bf7-8349-6161df1935ba]: BUSY"}}
[debug] [2021-02-15T22:30:55.863Z] [runtime-status] [19278] Functions runtime initialized. {"cwd":"/Users/josevega/Codes/vue-algolia/algolia-poc/functions","node_version":"12.15.0"} {"metadata":{"emulator":{"name":"functions"},"message":"[runtime-status] [19278] Functions runtime initialized. {\"cwd\":\"/Users/josevega/Codes/vue-algolia/algolia-poc/functions\",\"node_version\":\"12.15.0\"}"}}
[debug] [2021-02-15T22:30:55.865Z] [runtime-status] [19278] Disabled runtime features: undefined {"metadata":{"emulator":{"name":"functions"},"message":"[runtime-status] [19278] Disabled runtime features: undefined"}}
[debug] [2021-02-15T22:30:55.925Z] [runtime-status] [19278] Resolved module firebase-admin {"declared":true,"installed":true,"version":"8.13.0","resolution":"/Users/josevega/Codes/vue-algolia/algolia-poc/functions/node_modules/firebase-admin/lib/index.js"} {"metadata":{"emulator":{"name":"functions"},"message":"[runtime-status] [19278] Resolved module firebase-admin {\"declared\":true,\"installed\":true,\"version\":\"8.13.0\",\"resolution\":\"/Users/josevega/Codes/vue-algolia/algolia-poc/functions/node_modules/firebase-admin/lib/index.js\"}"}}
[debug] [2021-02-15T22:30:55.969Z] [runtime-status] [19278] Resolved module firebase-functions {"declared":true,"installed":true,"version":"3.11.0","resolution":"/Users/josevega/Codes/vue-algolia/algolia-poc/functions/node_modules/firebase-functions/lib/index.js"} {"metadata":{"emulator":{"name":"functions"},"message":"[runtime-status] [19278] Resolved module firebase-functions {\"declared\":true,\"installed\":true,\"version\":\"3.11.0\",\"resolution\":\"/Users/josevega/Codes/vue-algolia/algolia-poc/functions/node_modules/firebase-functions/lib/index.js\"}"}}
[debug] [2021-02-15T22:30:55.970Z] [runtime-status] [19278] Resolved module firebase-functions {"declared":true,"installed":true,"version":"3.11.0","resolution":"/Users/josevega/Codes/vue-algolia/algolia-poc/functions/node_modules/firebase-functions/lib/index.js"} {"metadata":{"emulator":{"name":"functions"},"message":"[runtime-status] [19278] Resolved module firebase-functions {\"declared\":true,\"installed\":true,\"version\":\"3.11.0\",\"resolution\":\"/Users/josevega/Codes/vue-algolia/algolia-poc/functions/node_modules/firebase-functions/lib/index.js\"}"}}
[debug] [2021-02-15T22:30:55.974Z] [runtime-status] [19278] Outgoing network have been stubbed. [{"name":"http","status":"mocked"},{"name":"http","status":"mocked"},{"name":"https","status":"mocked"},{"name":"https","status":"mocked"},{"name":"net","status":"mocked"}] {"metadata":{"emulator":{"name":"functions"},"message":"[runtime-status] [19278] Outgoing network have been stubbed. [{\"name\":\"http\",\"status\":\"mocked\"},{\"name\":\"http\",\"status\":\"mocked\"},{\"name\":\"https\",\"status\":\"mocked\"},{\"name\":\"https\",\"status\":\"mocked\"},{\"name\":\"net\",\"status\":\"mocked\"}]"}}
[debug] [2021-02-15T22:30:55.975Z] [runtime-status] [19278] Resolved module firebase-functions {"declared":true,"installed":true,"version":"3.11.0","resolution":"/Users/josevega/Codes/vue-algolia/algolia-poc/functions/node_modules/firebase-functions/lib/index.js"} {"metadata":{"emulator":{"name":"functions"},"message":"[runtime-status] [19278] Resolved module firebase-functions {\"declared\":true,\"installed\":true,\"version\":\"3.11.0\",\"resolution\":\"/Users/josevega/Codes/vue-algolia/algolia-poc/functions/node_modules/firebase-functions/lib/index.js\"}"}}
[debug] [2021-02-15T22:30:56.359Z] [runtime-status] [19278] Checked functions.config() {"config":{}} {"metadata":{"emulator":{"name":"functions"},"message":"[runtime-status] [19278] Checked functions.config() {\"config\":{}}"}}
[debug] [2021-02-15T22:30:56.360Z] [runtime-status] [19278] firebase-functions has been stubbed. {"functionsResolution":{"declared":true,"installed":true,"version":"3.11.0","resolution":"/Users/josevega/Codes/vue-algolia/algolia-poc/functions/node_modules/firebase-functions/lib/index.js"}} {"metadata":{"emulator":{"name":"functions"},"message":"[runtime-status] [19278] firebase-functions has been stubbed. {\"functionsResolution\":{\"declared\":true,\"installed\":true,\"version\":\"3.11.0\",\"resolution\":\"/Users/josevega/Codes/vue-algolia/algolia-poc/functions/node_modules/firebase-functions/lib/index.js\"}}"}}
[debug] [2021-02-15T22:30:56.360Z] [runtime-status] [19278] Resolved module firebase-functions {"declared":true,"installed":true,"version":"3.11.0","resolution":"/Users/josevega/Codes/vue-algolia/algolia-poc/functions/node_modules/firebase-functions/lib/index.js"} {"metadata":{"emulator":{"name":"functions"},"message":"[runtime-status] [19278] Resolved module firebase-functions {\"declared\":true,\"installed\":true,\"version\":\"3.11.0\",\"resolution\":\"/Users/josevega/Codes/vue-algolia/algolia-poc/functions/node_modules/firebase-functions/lib/index.js\"}"}}
[debug] [2021-02-15T22:30:56.361Z] [runtime-status] [19278] Resolved module firebase-admin {"declared":true,"installed":true,"version":"8.13.0","resolution":"/Users/josevega/Codes/vue-algolia/algolia-poc/functions/node_modules/firebase-admin/lib/index.js"} {"metadata":{"emulator":{"name":"functions"},"message":"[runtime-status] [19278] Resolved module firebase-admin {\"declared\":true,\"installed\":true,\"version\":\"8.13.0\",\"resolution\":\"/Users/josevega/Codes/vue-algolia/algolia-poc/functions/node_modules/firebase-admin/lib/index.js\"}"}}
[debug] [2021-02-15T22:30:56.361Z] [runtime-status] [19278] Resolved module firebase-functions {"declared":true,"installed":true,"version":"3.11.0","resolution":"/Users/josevega/Codes/vue-algolia/algolia-poc/functions/node_modules/firebase-functions/lib/index.js"} {"metadata":{"emulator":{"name":"functions"},"message":"[runtime-status] [19278] Resolved module firebase-functions {\"declared\":true,\"installed\":true,\"version\":\"3.11.0\",\"resolution\":\"/Users/josevega/Codes/vue-algolia/algolia-poc/functions/node_modules/firebase-functions/lib/index.js\"}"}}
[debug] [2021-02-15T22:30:56.362Z] [runtime-status] [19278] firebase-admin has been stubbed. {"adminResolution":{"declared":true,"installed":true,"version":"8.13.0","resolution":"/Users/josevega/Codes/vue-algolia/algolia-poc/functions/node_modules/firebase-admin/lib/index.js"}} {"metadata":{"emulator":{"name":"functions"},"message":"[runtime-status] [19278] firebase-admin has been stubbed. {\"adminResolution\":{\"declared\":true,\"installed\":true,\"version\":\"8.13.0\",\"resolution\":\"/Users/josevega/Codes/vue-algolia/algolia-poc/functions/node_modules/firebase-admin/lib/index.js\"}}"}}
[debug] [2021-02-15T22:30:56.616Z] [runtime-status] [19278] initializeApp(DEFAULT) {"storageBucket":"algolia-poc.appspot.com","databaseURL":"https://algolia-poc.firebaseio.com","projectId":"algolia-poc"} {"metadata":{"emulator":{"name":"functions"},"message":"[runtime-status] [19278] initializeApp(DEFAULT) {\"storageBucket\":\"algolia-poc.appspot.com\",\"databaseURL\":\"https://algolia-poc.firebaseio.com\",\"projectId\":\"algolia-poc\"}"}}
[warn] ⚠  functions: The Cloud Firestore emulator is not running, so calls to Firestore will affect production. {"metadata":{"emulator":{"name":"functions"},"message":"The Cloud Firestore emulator is not running, so calls to Firestore will affect production."}}
[debug] [2021-02-15T22:31:02.189Z] [worker-~diagnostic~-cb8f3808-dbca-4bf7-8349-6161df1935ba]: IDLE {"metadata":{"emulator":{"name":"functions"},"message":"[worker-~diagnostic~-cb8f3808-dbca-4bf7-8349-6161df1935ba]: IDLE"}}
[info] i  functions[addToIndex]: function ignored because the firestore emulator does not exist or is not running. {"metadata":{"emulator":{"name":"functions"},"message":"function ignored because the firestore emulator does not exist or is not running."}}
[info] i  functions[updateIndex]: function ignored because the firestore emulator does not exist or is not running. {"metadata":{"emulator":{"name":"functions"},"message":"function ignored because the firestore emulator does not exist or is not running."}}
[info] i  functions[deleteIndex]: function ignored because the firestore emulator does not exist or is not running. {"metadata":{"emulator":{"name":"functions"},"message":"function ignored because the firestore emulator does not exist or is not running."}}
[info] ✔  functions[exportActorsToJson]: http function initialized (http://localhost:5001/algolia-poc/us-central1/exportActorsToJson). {"metadata":{"emulator":{"name":"functions"},"message":"\u001b[1mhttp\u001b[22m function initialized (http://localhost:5001/algolia-poc/us-central1/exportActorsToJson)."}}
[info] i  functions[scheduledFunction]: function ignored because the pubsub emulator does not exist or is not running. {"metadata":{"emulator":{"name":"functions"},"message":"function ignored because the pubsub emulator does not exist or is not running."}}
[info] i  functions[scheduledAvailabeZonesaFunction]: function ignored because the pubsub emulator does not exist or is not running. {"metadata":{"emulator":{"name":"functions"},"message":"function ignored because the pubsub emulator does not exist or is not running."}}
[info] i  functions[zoneAfterSave]: function ignored because the firestore emulator does not exist or is not running. {"metadata":{"emulator":{"name":"functions"},"message":"function ignored because the firestore emulator does not exist or is not running."}}
[info] ✔  functions[analytics]: http function initialized (http://localhost:5001/algolia-poc/us-central1/analytics). {"metadata":{"emulator":{"name":"functions"},"message":"\u001b[1mhttp\u001b[22m function initialized (http://localhost:5001/algolia-poc/us-central1/analytics)."}}
[info] 
┌─────────────────────────────────────────────────────────────┐
│ ✔  All emulators ready! It is now safe to connect your app. │
│ i  View Emulator UI at http://localhost:4000                │
└─────────────────────────────────────────────────────────────┘

┌───────────┬────────────────┬─────────────────────────────────┐
│ Emulator  │ Host:Port      │ View in Emulator UI             │
├───────────┼────────────────┼─────────────────────────────────┤
│ Functions │ localhost:5001 │ http://localhost:4000/functions │
└───────────┴────────────────┴─────────────────────────────────┘
  Emulator Hub running at localhost:4400
  Other reserved ports: 4500

Issues? Report them at https://github.com/firebase/firebase-tools/issues and attach the *-debug.log files.
 
