[debug] [2021-02-15T22:39:49.389Z] ----------------------------------------------------------------------
[debug] [2021-02-15T22:39:49.393Z] Command:       /usr/local/bin/node /usr/local/bin/firebase deploy
[debug] [2021-02-15T22:39:49.393Z] CLI Version:   9.3.0
[debug] [2021-02-15T22:39:49.393Z] Platform:      darwin
[debug] [2021-02-15T22:39:49.394Z] Node Version:  v12.15.0
[debug] [2021-02-15T22:39:49.395Z] Time:          Mon Feb 15 2021 16:39:49 GMT-0600 (Central Standard Time)
[debug] [2021-02-15T22:39:49.395Z] ----------------------------------------------------------------------
[debug] [2021-02-15T22:39:49.395Z] 
[debug] [2021-02-15T22:39:49.471Z] > command requires scopes: ["email","openid","https://www.googleapis.com/auth/cloudplatformprojects.readonly","https://www.googleapis.com/auth/firebase","https://www.googleapis.com/auth/cloud-platform"]
[debug] [2021-02-15T22:39:49.472Z] > authorizing via signed-in user
[debug] [2021-02-15T22:39:49.472Z] [iam] checking project algolia-poc for permissions ["cloudfunctions.functions.create","cloudfunctions.functions.delete","cloudfunctions.functions.get","cloudfunctions.functions.list","cloudfunctions.functions.update","cloudfunctions.operations.get","firebase.projects.get","firebasehosting.sites.update"]
[debug] [2021-02-15T22:39:49.477Z] >>> HTTP REQUEST POST https://cloudresourcemanager.googleapis.com/v1/projects/algolia-poc:testIamPermissions  
 {"permissions":["cloudfunctions.functions.create","cloudfunctions.functions.delete","cloudfunctions.functions.get","cloudfunctions.functions.list","cloudfunctions.functions.update","cloudfunctions.operations.get","firebase.projects.get","firebasehosting.sites.update"]}
[debug] [2021-02-15T22:39:49.833Z] <<< HTTP RESPONSE 200 {"content-type":"application/json; charset=UTF-8","vary":"X-Origin, Referer, Origin,Accept-Encoding","date":"Mon, 15 Feb 2021 22:39:49 GMT","server":"ESF","cache-control":"private","x-xss-protection":"0","x-frame-options":"SAMEORIGIN","x-content-type-options":"nosniff","server-timing":"gfet4t7; dur=95","alt-svc":"h3-29=\":443\"; ma=2592000,h3-T051=\":443\"; ma=2592000,h3-Q050=\":443\"; ma=2592000,h3-Q046=\":443\"; ma=2592000,h3-Q043=\":443\"; ma=2592000,quic=\":443\"; ma=2592000; v=\"46,43\"","accept-ranges":"none","transfer-encoding":"chunked"}
[debug] [2021-02-15T22:39:49.834Z] >>> HTTP REQUEST POST https://iam.googleapis.com/v1/projects/algolia-poc/serviceAccounts/algolia-poc@appspot.gserviceaccount.com:testIamPermissions  
 {"permissions":["iam.serviceAccounts.actAs"]}
[debug] [2021-02-15T22:39:50.129Z] <<< HTTP RESPONSE 200 {"content-type":"application/json; charset=UTF-8","vary":"X-Origin, Referer, Origin,Accept-Encoding","date":"Mon, 15 Feb 2021 22:39:49 GMT","server":"ESF","cache-control":"private","x-xss-protection":"0","x-frame-options":"SAMEORIGIN","x-content-type-options":"nosniff","alt-svc":"h3-29=\":443\"; ma=2592000,h3-T051=\":443\"; ma=2592000,h3-Q050=\":443\"; ma=2592000,h3-Q046=\":443\"; ma=2592000,h3-Q043=\":443\"; ma=2592000,quic=\":443\"; ma=2592000; v=\"46,43\"","accept-ranges":"none","transfer-encoding":"chunked"}
[debug] [2021-02-15T22:39:50.132Z] > refreshing access token with scopes: []
[debug] [2021-02-15T22:39:50.132Z] >>> HTTP REQUEST POST https://www.googleapis.com/oauth2/v3/token  
 <request body omitted>
[debug] [2021-02-15T22:39:50.368Z] <<< HTTP RESPONSE 200 {"expires":"Mon, 01 Jan 1990 00:00:00 GMT","date":"Mon, 15 Feb 2021 22:39:50 GMT","pragma":"no-cache","cache-control":"no-cache, no-store, max-age=0, must-revalidate","content-type":"application/json; charset=utf-8","vary":"X-Origin, Referer, Origin,Accept-Encoding","server":"scaffolding on HTTPServer2","x-xss-protection":"0","x-frame-options":"SAMEORIGIN","x-content-type-options":"nosniff","alt-svc":"h3-29=\":443\"; ma=2592000,h3-T051=\":443\"; ma=2592000,h3-Q050=\":443\"; ma=2592000,h3-Q046=\":443\"; ma=2592000,h3-Q043=\":443\"; ma=2592000,quic=\":443\"; ma=2592000; v=\"46,43\"","accept-ranges":"none","transfer-encoding":"chunked"}
[debug] [2021-02-15T22:39:50.723Z] >>> [apiv2][query] GET https://firebase.googleapis.com/v1beta1/projects/algolia-poc [none]
[debug] [2021-02-15T22:39:51.429Z] <<< [apiv2][status] GET https://firebase.googleapis.com/v1beta1/projects/algolia-poc 200
